{"timestamp":"2025-10-10T00:08:22.663038Z","level":"info","event":"Filling up the DagBag from /opt/airflow/dags/assignment.py","logger":"airflow.models.dagbag.DagBag","filename":"dagbag.py","lineno":593}
{"timestamp":"2025-10-10T00:24:16.440130Z","level":"info","event":"Filling up the DagBag from /opt/airflow/dags/assignment.py","logger":"airflow.models.dagbag.DagBag","filename":"dagbag.py","lineno":593}
{"timestamp":"2025-10-10T01:25:41.750267Z","level":"info","event":"Filling up the DagBag from /opt/airflow/dags/assignment.py","logger":"airflow.models.dagbag.DagBag","filename":"dagbag.py","lineno":593}
{"timestamp":"2025-10-10T02:04:55.171838Z","level":"info","event":"Filling up the DagBag from /opt/airflow/dags/assignment.py","logger":"airflow.models.dagbag.DagBag","filename":"dagbag.py","lineno":593}
{"timestamp":"2025-10-10T02:05:25.585619Z","level":"info","event":"Filling up the DagBag from /opt/airflow/dags/assignment.py","logger":"airflow.models.dagbag.DagBag","filename":"dagbag.py","lineno":593}
{"timestamp":"2025-10-10T02:05:55.931363Z","level":"info","event":"Filling up the DagBag from /opt/airflow/dags/assignment.py","logger":"airflow.models.dagbag.DagBag","filename":"dagbag.py","lineno":593}
{"timestamp":"2025-10-10T02:06:26.315110Z","level":"info","event":"Filling up the DagBag from /opt/airflow/dags/assignment.py","logger":"airflow.models.dagbag.DagBag","filename":"dagbag.py","lineno":593}
{"timestamp":"2025-10-10T02:06:56.668688Z","level":"info","event":"Filling up the DagBag from /opt/airflow/dags/assignment.py","logger":"airflow.models.dagbag.DagBag","filename":"dagbag.py","lineno":593}
{"timestamp":"2025-10-10T02:07:27.030714Z","level":"info","event":"Filling up the DagBag from /opt/airflow/dags/assignment.py","logger":"airflow.models.dagbag.DagBag","filename":"dagbag.py","lineno":593}
{"timestamp":"2025-10-10T02:07:57.395683Z","level":"info","event":"Filling up the DagBag from /opt/airflow/dags/assignment.py","logger":"airflow.models.dagbag.DagBag","filename":"dagbag.py","lineno":593}
{"timestamp":"2025-10-10T02:08:27.770286Z","level":"info","event":"Filling up the DagBag from /opt/airflow/dags/assignment.py","logger":"airflow.models.dagbag.DagBag","filename":"dagbag.py","lineno":593}
{"timestamp":"2025-10-10T02:08:58.082853Z","level":"info","event":"Filling up the DagBag from /opt/airflow/dags/assignment.py","logger":"airflow.models.dagbag.DagBag","filename":"dagbag.py","lineno":593}
{"timestamp":"2025-10-10T02:09:28.413411Z","level":"info","event":"Filling up the DagBag from /opt/airflow/dags/assignment.py","logger":"airflow.models.dagbag.DagBag","filename":"dagbag.py","lineno":593}
{"timestamp":"2025-10-10T02:09:58.788060Z","level":"info","event":"Filling up the DagBag from /opt/airflow/dags/assignment.py","logger":"airflow.models.dagbag.DagBag","filename":"dagbag.py","lineno":593}
{"timestamp":"2025-10-10T02:10:29.175023Z","level":"info","event":"Filling up the DagBag from /opt/airflow/dags/assignment.py","logger":"airflow.models.dagbag.DagBag","filename":"dagbag.py","lineno":593}
{"timestamp":"2025-10-10T02:10:59.541096Z","level":"info","event":"Filling up the DagBag from /opt/airflow/dags/assignment.py","logger":"airflow.models.dagbag.DagBag","filename":"dagbag.py","lineno":593}
{"timestamp":"2025-10-10T02:11:29.874482Z","level":"info","event":"Filling up the DagBag from /opt/airflow/dags/assignment.py","logger":"airflow.models.dagbag.DagBag","filename":"dagbag.py","lineno":593}
{"timestamp":"2025-10-10T02:12:00.226178Z","level":"info","event":"Filling up the DagBag from /opt/airflow/dags/assignment.py","logger":"airflow.models.dagbag.DagBag","filename":"dagbag.py","lineno":593}
{"timestamp":"2025-10-10T02:12:30.600952Z","level":"info","event":"Filling up the DagBag from /opt/airflow/dags/assignment.py","logger":"airflow.models.dagbag.DagBag","filename":"dagbag.py","lineno":593}
{"timestamp":"2025-10-10T02:13:00.916431Z","level":"info","event":"Filling up the DagBag from /opt/airflow/dags/assignment.py","logger":"airflow.models.dagbag.DagBag","filename":"dagbag.py","lineno":593}
{"timestamp":"2025-10-10T02:13:31.271792Z","level":"info","event":"Filling up the DagBag from /opt/airflow/dags/assignment.py","logger":"airflow.models.dagbag.DagBag","filename":"dagbag.py","lineno":593}
{"timestamp":"2025-10-10T02:14:01.620716Z","level":"info","event":"Filling up the DagBag from /opt/airflow/dags/assignment.py","logger":"airflow.models.dagbag.DagBag","filename":"dagbag.py","lineno":593}
{"timestamp":"2025-10-10T02:14:31.973096Z","level":"info","event":"Filling up the DagBag from /opt/airflow/dags/assignment.py","logger":"airflow.models.dagbag.DagBag","filename":"dagbag.py","lineno":593}
{"timestamp":"2025-10-10T02:15:02.423757Z","level":"info","event":"Filling up the DagBag from /opt/airflow/dags/assignment.py","logger":"airflow.models.dagbag.DagBag","filename":"dagbag.py","lineno":593}
{"timestamp":"2025-10-10T02:15:32.809577Z","level":"info","event":"Filling up the DagBag from /opt/airflow/dags/assignment.py","logger":"airflow.models.dagbag.DagBag","filename":"dagbag.py","lineno":593}
{"timestamp":"2025-10-10T02:16:03.153307Z","level":"info","event":"Filling up the DagBag from /opt/airflow/dags/assignment.py","logger":"airflow.models.dagbag.DagBag","filename":"dagbag.py","lineno":593}
{"timestamp":"2025-10-10T02:16:33.488436Z","level":"info","event":"Filling up the DagBag from /opt/airflow/dags/assignment.py","logger":"airflow.models.dagbag.DagBag","filename":"dagbag.py","lineno":593}
{"timestamp":"2025-10-10T02:17:03.851057Z","level":"info","event":"Filling up the DagBag from /opt/airflow/dags/assignment.py","logger":"airflow.models.dagbag.DagBag","filename":"dagbag.py","lineno":593}
{"timestamp":"2025-10-10T02:17:34.227200Z","level":"info","event":"Filling up the DagBag from /opt/airflow/dags/assignment.py","logger":"airflow.models.dagbag.DagBag","filename":"dagbag.py","lineno":593}
{"timestamp":"2025-10-10T02:18:04.559527Z","level":"info","event":"Filling up the DagBag from /opt/airflow/dags/assignment.py","logger":"airflow.models.dagbag.DagBag","filename":"dagbag.py","lineno":593}
{"timestamp":"2025-10-10T02:18:34.959455Z","level":"info","event":"Filling up the DagBag from /opt/airflow/dags/assignment.py","logger":"airflow.models.dagbag.DagBag","filename":"dagbag.py","lineno":593}
{"timestamp":"2025-10-10T02:19:05.331950Z","level":"info","event":"Filling up the DagBag from /opt/airflow/dags/assignment.py","logger":"airflow.models.dagbag.DagBag","filename":"dagbag.py","lineno":593}
{"timestamp":"2025-10-10T02:19:35.734591Z","level":"info","event":"Filling up the DagBag from /opt/airflow/dags/assignment.py","logger":"airflow.models.dagbag.DagBag","filename":"dagbag.py","lineno":593}
{"timestamp":"2025-10-10T02:20:06.093549Z","level":"info","event":"Filling up the DagBag from /opt/airflow/dags/assignment.py","logger":"airflow.models.dagbag.DagBag","filename":"dagbag.py","lineno":593}
{"timestamp":"2025-10-10T02:20:36.440681Z","level":"info","event":"Filling up the DagBag from /opt/airflow/dags/assignment.py","logger":"airflow.models.dagbag.DagBag","filename":"dagbag.py","lineno":593}
{"timestamp":"2025-10-10T02:21:06.796352Z","level":"info","event":"Filling up the DagBag from /opt/airflow/dags/assignment.py","logger":"airflow.models.dagbag.DagBag","filename":"dagbag.py","lineno":593}
{"timestamp":"2025-10-10T02:21:37.131099Z","level":"info","event":"Filling up the DagBag from /opt/airflow/dags/assignment.py","logger":"airflow.models.dagbag.DagBag","filename":"dagbag.py","lineno":593}
{"timestamp":"2025-10-10T02:22:07.472277Z","level":"info","event":"Filling up the DagBag from /opt/airflow/dags/assignment.py","logger":"airflow.models.dagbag.DagBag","filename":"dagbag.py","lineno":593}
{"timestamp":"2025-10-10T02:22:37.896909Z","level":"info","event":"Filling up the DagBag from /opt/airflow/dags/assignment.py","logger":"airflow.models.dagbag.DagBag","filename":"dagbag.py","lineno":593}
{"timestamp":"2025-10-10T02:23:08.250774Z","level":"info","event":"Filling up the DagBag from /opt/airflow/dags/assignment.py","logger":"airflow.models.dagbag.DagBag","filename":"dagbag.py","lineno":593}
{"timestamp":"2025-10-10T02:23:38.751392Z","level":"info","event":"Filling up the DagBag from /opt/airflow/dags/assignment.py","logger":"airflow.models.dagbag.DagBag","filename":"dagbag.py","lineno":593}
{"timestamp":"2025-10-10T02:24:09.161311Z","level":"info","event":"Filling up the DagBag from /opt/airflow/dags/assignment.py","logger":"airflow.models.dagbag.DagBag","filename":"dagbag.py","lineno":593}
{"timestamp":"2025-10-10T02:24:39.528493Z","level":"info","event":"Filling up the DagBag from /opt/airflow/dags/assignment.py","logger":"airflow.models.dagbag.DagBag","filename":"dagbag.py","lineno":593}
{"timestamp":"2025-10-10T02:25:09.927670Z","level":"info","event":"Filling up the DagBag from /opt/airflow/dags/assignment.py","logger":"airflow.models.dagbag.DagBag","filename":"dagbag.py","lineno":593}
{"timestamp":"2025-10-10T02:25:40.317369Z","level":"info","event":"Filling up the DagBag from /opt/airflow/dags/assignment.py","logger":"airflow.models.dagbag.DagBag","filename":"dagbag.py","lineno":593}
{"timestamp":"2025-10-10T02:26:10.672248Z","level":"info","event":"Filling up the DagBag from /opt/airflow/dags/assignment.py","logger":"airflow.models.dagbag.DagBag","filename":"dagbag.py","lineno":593}
{"timestamp":"2025-10-10T02:26:41.024525Z","level":"info","event":"Filling up the DagBag from /opt/airflow/dags/assignment.py","logger":"airflow.models.dagbag.DagBag","filename":"dagbag.py","lineno":593}
{"timestamp":"2025-10-10T02:27:11.401313Z","level":"info","event":"Filling up the DagBag from /opt/airflow/dags/assignment.py","logger":"airflow.models.dagbag.DagBag","filename":"dagbag.py","lineno":593}
{"timestamp":"2025-10-10T02:27:41.752685Z","level":"info","event":"Filling up the DagBag from /opt/airflow/dags/assignment.py","logger":"airflow.models.dagbag.DagBag","filename":"dagbag.py","lineno":593}
{"timestamp":"2025-10-10T02:27:49.932158Z","level":"info","event":"Filling up the DagBag from /opt/airflow/dags/assignment.py","logger":"airflow.models.dagbag.DagBag","filename":"dagbag.py","lineno":593}
{"timestamp":"2025-10-10T02:27:53.040406Z","level":"info","event":"Filling up the DagBag from /opt/airflow/dags/assignment.py","logger":"airflow.models.dagbag.DagBag","filename":"dagbag.py","lineno":593}
{"timestamp":"2025-10-10T02:28:08.383099Z","level":"info","event":"Filling up the DagBag from /opt/airflow/dags/assignment.py","logger":"airflow.models.dagbag.DagBag","filename":"dagbag.py","lineno":593}
{"timestamp":"2025-10-10T02:28:08.393284Z","level":"error","event":"Failed to import: /opt/airflow/dags/assignment.py","logger":"airflow.models.dagbag.DagBag","filename":"dagbag.py","lineno":415,"error_detail":[{"exc_type":"SyntaxError","exc_value":"expected argument value expression (assignment.py, line 154)","exc_notes":[],"syntax_error":{"offset":17,"filename":"/opt/airflow/dags/assignment.py","line":"                extra_env=\n","lineno":154,"msg":"expected argument value expression"},"is_cause":false,"frames":[{"filename":"/home/airflow/.local/lib/python3.12/site-packages/airflow/models/dagbag.py","lineno":405,"name":"parse"},{"filename":"<frozen importlib._bootstrap_external>","lineno":995,"name":"exec_module"},{"filename":"<frozen importlib._bootstrap_external>","lineno":1133,"name":"get_code"},{"filename":"<frozen importlib._bootstrap_external>","lineno":1063,"name":"source_to_code"},{"filename":"<frozen importlib._bootstrap>","lineno":488,"name":"_call_with_frames_removed"}],"is_group":false,"exceptions":[]}]}
{"timestamp":"2025-10-10T02:28:31.632076Z","level":"info","event":"Filling up the DagBag from /opt/airflow/dags/assignment.py","logger":"airflow.models.dagbag.DagBag","filename":"dagbag.py","lineno":593}
{"timestamp":"2025-10-10T02:28:32.700695Z","level":"info","event":"Filling up the DagBag from /opt/airflow/dags/assignment.py","logger":"airflow.models.dagbag.DagBag","filename":"dagbag.py","lineno":593}
{"timestamp":"2025-10-10T02:28:40.855180Z","level":"info","event":"Filling up the DagBag from /opt/airflow/dags/assignment.py","logger":"airflow.models.dagbag.DagBag","filename":"dagbag.py","lineno":593}
{"timestamp":"2025-10-10T02:28:42.954568Z","level":"info","event":"Filling up the DagBag from /opt/airflow/dags/assignment.py","logger":"airflow.models.dagbag.DagBag","filename":"dagbag.py","lineno":593}
{"timestamp":"2025-10-10T02:29:13.417686Z","level":"info","event":"Filling up the DagBag from /opt/airflow/dags/assignment.py","logger":"airflow.models.dagbag.DagBag","filename":"dagbag.py","lineno":593}
{"timestamp":"2025-10-10T02:29:43.807871Z","level":"info","event":"Filling up the DagBag from /opt/airflow/dags/assignment.py","logger":"airflow.models.dagbag.DagBag","filename":"dagbag.py","lineno":593}
{"timestamp":"2025-10-10T02:30:14.163762Z","level":"info","event":"Filling up the DagBag from /opt/airflow/dags/assignment.py","logger":"airflow.models.dagbag.DagBag","filename":"dagbag.py","lineno":593}
{"timestamp":"2025-10-10T02:30:44.593095Z","level":"info","event":"Filling up the DagBag from /opt/airflow/dags/assignment.py","logger":"airflow.models.dagbag.DagBag","filename":"dagbag.py","lineno":593}
{"timestamp":"2025-10-10T02:30:59.818518Z","level":"info","event":"Filling up the DagBag from /opt/airflow/dags/assignment.py","logger":"airflow.models.dagbag.DagBag","filename":"dagbag.py","lineno":593}
{"timestamp":"2025-10-10T02:31:02.900891Z","level":"info","event":"Filling up the DagBag from /opt/airflow/dags/assignment.py","logger":"airflow.models.dagbag.DagBag","filename":"dagbag.py","lineno":593}
{"timestamp":"2025-10-10T02:31:05.988282Z","level":"info","event":"Filling up the DagBag from /opt/airflow/dags/assignment.py","logger":"airflow.models.dagbag.DagBag","filename":"dagbag.py","lineno":593}
{"timestamp":"2025-10-10T02:31:06.001605Z","level":"info","event":"","logger":"task.stdout"}
{"timestamp":"2025-10-10T02:31:08.063326Z","level":"info","event":"Filling up the DagBag from /opt/airflow/dags/assignment.py","logger":"airflow.models.dagbag.DagBag","filename":"dagbag.py","lineno":593}
{"timestamp":"2025-10-10T02:31:08.077240Z","level":"error","event":"Failed to import: /opt/airflow/dags/assignment.py","logger":"airflow.models.dagbag.DagBag","filename":"dagbag.py","lineno":415,"error_detail":[{"exc_type":"NameError","exc_value":"name 'pa' is not defined","exc_notes":[],"syntax_error":null,"is_cause":false,"frames":[{"filename":"/home/airflow/.local/lib/python3.12/site-packages/airflow/models/dagbag.py","lineno":405,"name":"parse"},{"filename":"<frozen importlib._bootstrap_external>","lineno":999,"name":"exec_module"},{"filename":"<frozen importlib._bootstrap>","lineno":488,"name":"_call_with_frames_removed"},{"filename":"/opt/airflow/dags/assignment.py","lineno":185,"name":"<module>"}],"is_group":false,"exceptions":[]}]}
{"timestamp":"2025-10-10T02:31:09.121312Z","level":"info","event":"Filling up the DagBag from /opt/airflow/dags/assignment.py","logger":"airflow.models.dagbag.DagBag","filename":"dagbag.py","lineno":593}
{"timestamp":"2025-10-10T02:31:09.137225Z","level":"info","event":"{{ task_instance.xcom_pull(task_ids='ingest_file', dag_id='dbt_duckdb_test', key='return_value') }}","logger":"task.stdout"}
{"timestamp":"2025-10-10T02:31:13.236638Z","level":"info","event":"Filling up the DagBag from /opt/airflow/dags/assignment.py","logger":"airflow.models.dagbag.DagBag","filename":"dagbag.py","lineno":593}
{"timestamp":"2025-10-10T02:31:13.251142Z","level":"info","event":"","logger":"task.stdout"}
{"timestamp":"2025-10-10T02:31:14.296430Z","level":"info","event":"Filling up the DagBag from /opt/airflow/dags/assignment.py","logger":"airflow.models.dagbag.DagBag","filename":"dagbag.py","lineno":593}
{"timestamp":"2025-10-10T02:31:14.309987Z","level":"info","event":"{{ task_instance.xcom_pull(task_ids='ingest_file', dag_id='dbt_duckdb_test', key='return_value') }}","logger":"task.stdout"}
{"timestamp":"2025-10-10T02:31:22.472548Z","level":"info","event":"Filling up the DagBag from /opt/airflow/dags/assignment.py","logger":"airflow.models.dagbag.DagBag","filename":"dagbag.py","lineno":593}
{"timestamp":"2025-10-10T02:31:52.858611Z","level":"info","event":"Filling up the DagBag from /opt/airflow/dags/assignment.py","logger":"airflow.models.dagbag.DagBag","filename":"dagbag.py","lineno":593}
{"timestamp":"2025-10-10T02:32:05.067558Z","level":"info","event":"Filling up the DagBag from /opt/airflow/dags/assignment.py","logger":"airflow.models.dagbag.DagBag","filename":"dagbag.py","lineno":593}
{"timestamp":"2025-10-10T02:32:14.221812Z","level":"info","event":"Filling up the DagBag from /opt/airflow/dags/assignment.py","logger":"airflow.models.dagbag.DagBag","filename":"dagbag.py","lineno":593}
{"timestamp":"2025-10-10T02:32:44.655559Z","level":"info","event":"Filling up the DagBag from /opt/airflow/dags/assignment.py","logger":"airflow.models.dagbag.DagBag","filename":"dagbag.py","lineno":593}
{"timestamp":"2025-10-10T02:33:15.084503Z","level":"info","event":"Filling up the DagBag from /opt/airflow/dags/assignment.py","logger":"airflow.models.dagbag.DagBag","filename":"dagbag.py","lineno":593}
{"timestamp":"2025-10-10T02:33:45.468413Z","level":"info","event":"Filling up the DagBag from /opt/airflow/dags/assignment.py","logger":"airflow.models.dagbag.DagBag","filename":"dagbag.py","lineno":593}
{"timestamp":"2025-10-10T02:34:15.827460Z","level":"info","event":"Filling up the DagBag from /opt/airflow/dags/assignment.py","logger":"airflow.models.dagbag.DagBag","filename":"dagbag.py","lineno":593}
{"timestamp":"2025-10-10T02:34:46.244744Z","level":"info","event":"Filling up the DagBag from /opt/airflow/dags/assignment.py","logger":"airflow.models.dagbag.DagBag","filename":"dagbag.py","lineno":593}
{"timestamp":"2025-10-10T02:35:16.642874Z","level":"info","event":"Filling up the DagBag from /opt/airflow/dags/assignment.py","logger":"airflow.models.dagbag.DagBag","filename":"dagbag.py","lineno":593}
{"timestamp":"2025-10-10T02:35:47.058298Z","level":"info","event":"Filling up the DagBag from /opt/airflow/dags/assignment.py","logger":"airflow.models.dagbag.DagBag","filename":"dagbag.py","lineno":593}
{"timestamp":"2025-10-10T02:36:17.456743Z","level":"info","event":"Filling up the DagBag from /opt/airflow/dags/assignment.py","logger":"airflow.models.dagbag.DagBag","filename":"dagbag.py","lineno":593}
{"timestamp":"2025-10-10T02:36:47.842583Z","level":"info","event":"Filling up the DagBag from /opt/airflow/dags/assignment.py","logger":"airflow.models.dagbag.DagBag","filename":"dagbag.py","lineno":593}
{"timestamp":"2025-10-10T02:37:18.147341Z","level":"info","event":"Filling up the DagBag from /opt/airflow/dags/assignment.py","logger":"airflow.models.dagbag.DagBag","filename":"dagbag.py","lineno":593}
{"timestamp":"2025-10-10T02:37:41.447360Z","level":"info","event":"Filling up the DagBag from /opt/airflow/dags/assignment.py","logger":"airflow.models.dagbag.DagBag","filename":"dagbag.py","lineno":593}
{"timestamp":"2025-10-10T02:37:41.455401Z","level":"error","event":"Failed to import: /opt/airflow/dags/assignment.py","logger":"airflow.models.dagbag.DagBag","filename":"dagbag.py","lineno":415,"error_detail":[{"exc_type":"IndentationError","exc_value":"unexpected unindent (assignment.py, line 142)","exc_notes":[],"syntax_error":{"offset":0,"filename":"/opt/airflow/dags/assignment.py","line":"def dbt_run_test(csv_uri: Optional[str] = None):\n","lineno":142,"msg":"unexpected unindent"},"is_cause":false,"frames":[{"filename":"/home/airflow/.local/lib/python3.12/site-packages/airflow/models/dagbag.py","lineno":405,"name":"parse"},{"filename":"<frozen importlib._bootstrap_external>","lineno":995,"name":"exec_module"},{"filename":"<frozen importlib._bootstrap_external>","lineno":1133,"name":"get_code"},{"filename":"<frozen importlib._bootstrap_external>","lineno":1063,"name":"source_to_code"},{"filename":"<frozen importlib._bootstrap>","lineno":488,"name":"_call_with_frames_removed"}],"is_group":false,"exceptions":[]}]}
{"timestamp":"2025-10-10T02:37:47.549368Z","level":"info","event":"Filling up the DagBag from /opt/airflow/dags/assignment.py","logger":"airflow.models.dagbag.DagBag","filename":"dagbag.py","lineno":593}
{"timestamp":"2025-10-10T02:37:51.651490Z","level":"info","event":"Filling up the DagBag from /opt/airflow/dags/assignment.py","logger":"airflow.models.dagbag.DagBag","filename":"dagbag.py","lineno":593}
{"timestamp":"2025-10-10T02:37:55.736067Z","level":"info","event":"Filling up the DagBag from /opt/airflow/dags/assignment.py","logger":"airflow.models.dagbag.DagBag","filename":"dagbag.py","lineno":593}
{"timestamp":"2025-10-10T02:38:26.077751Z","level":"info","event":"Filling up the DagBag from /opt/airflow/dags/assignment.py","logger":"airflow.models.dagbag.DagBag","filename":"dagbag.py","lineno":593}
{"timestamp":"2025-10-10T02:38:56.458944Z","level":"info","event":"Filling up the DagBag from /opt/airflow/dags/assignment.py","logger":"airflow.models.dagbag.DagBag","filename":"dagbag.py","lineno":593}
{"timestamp":"2025-10-10T02:39:26.906553Z","level":"info","event":"Filling up the DagBag from /opt/airflow/dags/assignment.py","logger":"airflow.models.dagbag.DagBag","filename":"dagbag.py","lineno":593}
{"timestamp":"2025-10-10T02:39:57.306558Z","level":"info","event":"Filling up the DagBag from /opt/airflow/dags/assignment.py","logger":"airflow.models.dagbag.DagBag","filename":"dagbag.py","lineno":593}
{"timestamp":"2025-10-10T02:40:27.719050Z","level":"info","event":"Filling up the DagBag from /opt/airflow/dags/assignment.py","logger":"airflow.models.dagbag.DagBag","filename":"dagbag.py","lineno":593}
{"timestamp":"2025-10-10T02:40:58.043649Z","level":"info","event":"Filling up the DagBag from /opt/airflow/dags/assignment.py","logger":"airflow.models.dagbag.DagBag","filename":"dagbag.py","lineno":593}
{"timestamp":"2025-10-10T02:41:28.508129Z","level":"info","event":"Filling up the DagBag from /opt/airflow/dags/assignment.py","logger":"airflow.models.dagbag.DagBag","filename":"dagbag.py","lineno":593}
{"timestamp":"2025-10-10T02:41:58.860938Z","level":"info","event":"Filling up the DagBag from /opt/airflow/dags/assignment.py","logger":"airflow.models.dagbag.DagBag","filename":"dagbag.py","lineno":593}
{"timestamp":"2025-10-10T02:42:18.106621Z","level":"info","event":"Filling up the DagBag from /opt/airflow/dags/assignment.py","logger":"airflow.models.dagbag.DagBag","filename":"dagbag.py","lineno":593}
{"timestamp":"2025-10-10T02:42:18.112119Z","level":"error","event":"Failed to import: /opt/airflow/dags/assignment.py","logger":"airflow.models.dagbag.DagBag","filename":"dagbag.py","lineno":415,"error_detail":[{"exc_type":"IndentationError","exc_value":"unexpected unindent (assignment.py, line 168)","exc_notes":[],"syntax_error":{"offset":0,"filename":"/opt/airflow/dags/assignment.py","line":"def dbt_docs_generate(csv_uri: Optional[str] = None):\n","lineno":168,"msg":"unexpected unindent"},"is_cause":false,"frames":[{"filename":"/home/airflow/.local/lib/python3.12/site-packages/airflow/models/dagbag.py","lineno":405,"name":"parse"},{"filename":"<frozen importlib._bootstrap_external>","lineno":995,"name":"exec_module"},{"filename":"<frozen importlib._bootstrap_external>","lineno":1133,"name":"get_code"},{"filename":"<frozen importlib._bootstrap_external>","lineno":1063,"name":"source_to_code"},{"filename":"<frozen importlib._bootstrap>","lineno":488,"name":"_call_with_frames_removed"}],"is_group":false,"exceptions":[]}]}
{"timestamp":"2025-10-10T02:42:21.172801Z","level":"info","event":"Filling up the DagBag from /opt/airflow/dags/assignment.py","logger":"airflow.models.dagbag.DagBag","filename":"dagbag.py","lineno":593}
{"timestamp":"2025-10-10T02:42:23.255229Z","level":"info","event":"Filling up the DagBag from /opt/airflow/dags/assignment.py","logger":"airflow.models.dagbag.DagBag","filename":"dagbag.py","lineno":593}
{"timestamp":"2025-10-10T02:42:27.354675Z","level":"info","event":"Filling up the DagBag from /opt/airflow/dags/assignment.py","logger":"airflow.models.dagbag.DagBag","filename":"dagbag.py","lineno":593}
{"timestamp":"2025-10-10T02:42:27.359127Z","level":"error","event":"Failed to import: /opt/airflow/dags/assignment.py","logger":"airflow.models.dagbag.DagBag","filename":"dagbag.py","lineno":415,"error_detail":[{"exc_type":"IndentationError","exc_value":"unexpected unindent (assignment.py, line 168)","exc_notes":[],"syntax_error":{"offset":0,"filename":"/opt/airflow/dags/assignment.py","line":"def dbt_docs_generate(csv_uri: Optional[str] = None):\n","lineno":168,"msg":"unexpected unindent"},"is_cause":false,"frames":[{"filename":"/home/airflow/.local/lib/python3.12/site-packages/airflow/models/dagbag.py","lineno":405,"name":"parse"},{"filename":"<frozen importlib._bootstrap_external>","lineno":995,"name":"exec_module"},{"filename":"<frozen importlib._bootstrap_external>","lineno":1133,"name":"get_code"},{"filename":"<frozen importlib._bootstrap_external>","lineno":1063,"name":"source_to_code"},{"filename":"<frozen importlib._bootstrap>","lineno":488,"name":"_call_with_frames_removed"}],"is_group":false,"exceptions":[]}]}
{"timestamp":"2025-10-10T02:42:31.433365Z","level":"info","event":"Filling up the DagBag from /opt/airflow/dags/assignment.py","logger":"airflow.models.dagbag.DagBag","filename":"dagbag.py","lineno":593}
{"timestamp":"2025-10-10T02:42:32.482655Z","level":"info","event":"Filling up the DagBag from /opt/airflow/dags/assignment.py","logger":"airflow.models.dagbag.DagBag","filename":"dagbag.py","lineno":593}
{"timestamp":"2025-10-10T02:42:38.595014Z","level":"info","event":"Filling up the DagBag from /opt/airflow/dags/assignment.py","logger":"airflow.models.dagbag.DagBag","filename":"dagbag.py","lineno":593}
{"timestamp":"2025-10-10T02:42:41.679414Z","level":"info","event":"Filling up the DagBag from /opt/airflow/dags/assignment.py","logger":"airflow.models.dagbag.DagBag","filename":"dagbag.py","lineno":593}
{"timestamp":"2025-10-10T02:42:44.782654Z","level":"info","event":"Filling up the DagBag from /opt/airflow/dags/assignment.py","logger":"airflow.models.dagbag.DagBag","filename":"dagbag.py","lineno":593}
{"timestamp":"2025-10-10T02:43:15.112127Z","level":"info","event":"Filling up the DagBag from /opt/airflow/dags/assignment.py","logger":"airflow.models.dagbag.DagBag","filename":"dagbag.py","lineno":593}
{"timestamp":"2025-10-10T02:43:45.437089Z","level":"info","event":"Filling up the DagBag from /opt/airflow/dags/assignment.py","logger":"airflow.models.dagbag.DagBag","filename":"dagbag.py","lineno":593}
{"timestamp":"2025-10-10T02:44:15.784963Z","level":"info","event":"Filling up the DagBag from /opt/airflow/dags/assignment.py","logger":"airflow.models.dagbag.DagBag","filename":"dagbag.py","lineno":593}
{"timestamp":"2025-10-10T02:44:46.167244Z","level":"info","event":"Filling up the DagBag from /opt/airflow/dags/assignment.py","logger":"airflow.models.dagbag.DagBag","filename":"dagbag.py","lineno":593}
{"timestamp":"2025-10-10T02:45:16.537368Z","level":"info","event":"Filling up the DagBag from /opt/airflow/dags/assignment.py","logger":"airflow.models.dagbag.DagBag","filename":"dagbag.py","lineno":593}
{"timestamp":"2025-10-10T02:45:47.015427Z","level":"info","event":"Filling up the DagBag from /opt/airflow/dags/assignment.py","logger":"airflow.models.dagbag.DagBag","filename":"dagbag.py","lineno":593}
{"timestamp":"2025-10-10T02:45:59.228569Z","level":"info","event":"Filling up the DagBag from /opt/airflow/dags/assignment.py","logger":"airflow.models.dagbag.DagBag","filename":"dagbag.py","lineno":593}
{"timestamp":"2025-10-10T02:45:59.250682Z","level":"error","event":"Failed to import: /opt/airflow/dags/assignment.py","logger":"airflow.models.dagbag.DagBag","filename":"dagbag.py","lineno":415,"error_detail":[{"exc_type":"NameError","exc_value":"name 'dbt_debug_deps' is not defined","exc_notes":[],"syntax_error":null,"is_cause":false,"frames":[{"filename":"/home/airflow/.local/lib/python3.12/site-packages/airflow/models/dagbag.py","lineno":405,"name":"parse"},{"filename":"<frozen importlib._bootstrap_external>","lineno":999,"name":"exec_module"},{"filename":"<frozen importlib._bootstrap>","lineno":488,"name":"_call_with_frames_removed"},{"filename":"/opt/airflow/dags/assignment.py","lineno":191,"name":"<module>"}],"is_group":false,"exceptions":[]}]}
{"timestamp":"2025-10-10T02:46:00.296004Z","level":"info","event":"Filling up the DagBag from /opt/airflow/dags/assignment.py","logger":"airflow.models.dagbag.DagBag","filename":"dagbag.py","lineno":593}
{"timestamp":"2025-10-10T02:46:00.309665Z","level":"error","event":"Failed to import: /opt/airflow/dags/assignment.py","logger":"airflow.models.dagbag.DagBag","filename":"dagbag.py","lineno":415,"error_detail":[{"exc_type":"NameError","exc_value":"name 'dbt_debug_deps' is not defined","exc_notes":[],"syntax_error":null,"is_cause":false,"frames":[{"filename":"/home/airflow/.local/lib/python3.12/site-packages/airflow/models/dagbag.py","lineno":405,"name":"parse"},{"filename":"<frozen importlib._bootstrap_external>","lineno":999,"name":"exec_module"},{"filename":"<frozen importlib._bootstrap>","lineno":488,"name":"_call_with_frames_removed"},{"filename":"/opt/airflow/dags/assignment.py","lineno":191,"name":"<module>"}],"is_group":false,"exceptions":[]}]}
{"timestamp":"2025-10-10T02:46:04.386326Z","level":"info","event":"Filling up the DagBag from /opt/airflow/dags/assignment.py","logger":"airflow.models.dagbag.DagBag","filename":"dagbag.py","lineno":593}
{"timestamp":"2025-10-10T02:46:14.551456Z","level":"info","event":"Filling up the DagBag from /opt/airflow/dags/assignment.py","logger":"airflow.models.dagbag.DagBag","filename":"dagbag.py","lineno":593}
{"timestamp":"2025-10-10T02:46:17.636957Z","level":"info","event":"Filling up the DagBag from /opt/airflow/dags/assignment.py","logger":"airflow.models.dagbag.DagBag","filename":"dagbag.py","lineno":593}
{"timestamp":"2025-10-10T02:46:18.719518Z","level":"info","event":"Filling up the DagBag from /opt/airflow/dags/assignment.py","logger":"airflow.models.dagbag.DagBag","filename":"dagbag.py","lineno":593}
{"timestamp":"2025-10-10T02:46:20.812634Z","level":"info","event":"Filling up the DagBag from /opt/airflow/dags/assignment.py","logger":"airflow.models.dagbag.DagBag","filename":"dagbag.py","lineno":593}
{"timestamp":"2025-10-10T02:46:20.818298Z","level":"error","event":"Failed to import: /opt/airflow/dags/assignment.py","logger":"airflow.models.dagbag.DagBag","filename":"dagbag.py","lineno":415,"error_detail":[{"exc_type":"IndentationError","exc_value":"unexpected indent (assignment.py, line 191)","exc_notes":[],"syntax_error":{"offset":4,"filename":"/opt/airflow/dags/assignment.py","line":"    path_file = ingest_file()\n","lineno":191,"msg":"unexpected indent"},"is_cause":false,"frames":[{"filename":"/home/airflow/.local/lib/python3.12/site-packages/airflow/models/dagbag.py","lineno":405,"name":"parse"},{"filename":"<frozen importlib._bootstrap_external>","lineno":995,"name":"exec_module"},{"filename":"<frozen importlib._bootstrap_external>","lineno":1133,"name":"get_code"},{"filename":"<frozen importlib._bootstrap_external>","lineno":1063,"name":"source_to_code"},{"filename":"<frozen importlib._bootstrap>","lineno":488,"name":"_call_with_frames_removed"}],"is_group":false,"exceptions":[]}]}
{"timestamp":"2025-10-10T02:46:24.924817Z","level":"info","event":"Filling up the DagBag from /opt/airflow/dags/assignment.py","logger":"airflow.models.dagbag.DagBag","filename":"dagbag.py","lineno":593}
{"timestamp":"2025-10-10T02:46:27.028558Z","level":"info","event":"Filling up the DagBag from /opt/airflow/dags/assignment.py","logger":"airflow.models.dagbag.DagBag","filename":"dagbag.py","lineno":593}
{"timestamp":"2025-10-10T02:46:28.097591Z","level":"info","event":"Filling up the DagBag from /opt/airflow/dags/assignment.py","logger":"airflow.models.dagbag.DagBag","filename":"dagbag.py","lineno":593}
{"timestamp":"2025-10-10T02:46:58.451013Z","level":"info","event":"Filling up the DagBag from /opt/airflow/dags/assignment.py","logger":"airflow.models.dagbag.DagBag","filename":"dagbag.py","lineno":593}
{"timestamp":"2025-10-10T02:47:09.627463Z","level":"info","event":"Filling up the DagBag from /opt/airflow/dags/assignment.py","logger":"airflow.models.dagbag.DagBag","filename":"dagbag.py","lineno":593}
{"timestamp":"2025-10-10T02:47:33.620221Z","level":"info","event":"Filling up the DagBag from /opt/airflow/dags/assignment.py","logger":"airflow.models.dagbag.DagBag","filename":"dagbag.py","lineno":593}
{"timestamp":"2025-10-10T02:48:04.905946Z","level":"info","event":"Filling up the DagBag from /opt/airflow/dags/assignment.py","logger":"airflow.models.dagbag.DagBag","filename":"dagbag.py","lineno":593}
{"timestamp":"2025-10-10T02:48:35.263727Z","level":"info","event":"Filling up the DagBag from /opt/airflow/dags/assignment.py","logger":"airflow.models.dagbag.DagBag","filename":"dagbag.py","lineno":593}
{"timestamp":"2025-10-10T02:49:05.643230Z","level":"info","event":"Filling up the DagBag from /opt/airflow/dags/assignment.py","logger":"airflow.models.dagbag.DagBag","filename":"dagbag.py","lineno":593}
{"timestamp":"2025-10-10T02:49:36.060409Z","level":"info","event":"Filling up the DagBag from /opt/airflow/dags/assignment.py","logger":"airflow.models.dagbag.DagBag","filename":"dagbag.py","lineno":593}
{"timestamp":"2025-10-10T02:50:06.397263Z","level":"info","event":"Filling up the DagBag from /opt/airflow/dags/assignment.py","logger":"airflow.models.dagbag.DagBag","filename":"dagbag.py","lineno":593}
{"timestamp":"2025-10-10T02:50:36.711905Z","level":"info","event":"Filling up the DagBag from /opt/airflow/dags/assignment.py","logger":"airflow.models.dagbag.DagBag","filename":"dagbag.py","lineno":593}
{"timestamp":"2025-10-10T02:51:07.048652Z","level":"info","event":"Filling up the DagBag from /opt/airflow/dags/assignment.py","logger":"airflow.models.dagbag.DagBag","filename":"dagbag.py","lineno":593}
{"timestamp":"2025-10-10T02:51:37.358353Z","level":"info","event":"Filling up the DagBag from /opt/airflow/dags/assignment.py","logger":"airflow.models.dagbag.DagBag","filename":"dagbag.py","lineno":593}
{"timestamp":"2025-10-10T02:52:07.795049Z","level":"info","event":"Filling up the DagBag from /opt/airflow/dags/assignment.py","logger":"airflow.models.dagbag.DagBag","filename":"dagbag.py","lineno":593}
{"timestamp":"2025-10-10T02:52:38.161661Z","level":"info","event":"Filling up the DagBag from /opt/airflow/dags/assignment.py","logger":"airflow.models.dagbag.DagBag","filename":"dagbag.py","lineno":593}
{"timestamp":"2025-10-10T02:53:08.533782Z","level":"info","event":"Filling up the DagBag from /opt/airflow/dags/assignment.py","logger":"airflow.models.dagbag.DagBag","filename":"dagbag.py","lineno":593}
{"timestamp":"2025-10-10T02:53:38.881946Z","level":"info","event":"Filling up the DagBag from /opt/airflow/dags/assignment.py","logger":"airflow.models.dagbag.DagBag","filename":"dagbag.py","lineno":593}
{"timestamp":"2025-10-10T02:54:09.167230Z","level":"info","event":"Filling up the DagBag from /opt/airflow/dags/assignment.py","logger":"airflow.models.dagbag.DagBag","filename":"dagbag.py","lineno":593}
{"timestamp":"2025-10-10T02:54:39.597658Z","level":"info","event":"Filling up the DagBag from /opt/airflow/dags/assignment.py","logger":"airflow.models.dagbag.DagBag","filename":"dagbag.py","lineno":593}
{"timestamp":"2025-10-10T02:55:10.194739Z","level":"info","event":"Filling up the DagBag from /opt/airflow/dags/assignment.py","logger":"airflow.models.dagbag.DagBag","filename":"dagbag.py","lineno":593}
{"timestamp":"2025-10-10T02:55:40.559198Z","level":"info","event":"Filling up the DagBag from /opt/airflow/dags/assignment.py","logger":"airflow.models.dagbag.DagBag","filename":"dagbag.py","lineno":593}
{"timestamp":"2025-10-10T02:56:10.858753Z","level":"info","event":"Filling up the DagBag from /opt/airflow/dags/assignment.py","logger":"airflow.models.dagbag.DagBag","filename":"dagbag.py","lineno":593}
{"timestamp":"2025-10-10T02:56:41.162455Z","level":"info","event":"Filling up the DagBag from /opt/airflow/dags/assignment.py","logger":"airflow.models.dagbag.DagBag","filename":"dagbag.py","lineno":593}
{"timestamp":"2025-10-10T02:57:11.490023Z","level":"info","event":"Filling up the DagBag from /opt/airflow/dags/assignment.py","logger":"airflow.models.dagbag.DagBag","filename":"dagbag.py","lineno":593}
{"timestamp":"2025-10-10T02:57:41.793248Z","level":"info","event":"Filling up the DagBag from /opt/airflow/dags/assignment.py","logger":"airflow.models.dagbag.DagBag","filename":"dagbag.py","lineno":593}
{"timestamp":"2025-10-10T02:58:12.124898Z","level":"info","event":"Filling up the DagBag from /opt/airflow/dags/assignment.py","logger":"airflow.models.dagbag.DagBag","filename":"dagbag.py","lineno":593}
{"timestamp":"2025-10-10T02:58:42.512558Z","level":"info","event":"Filling up the DagBag from /opt/airflow/dags/assignment.py","logger":"airflow.models.dagbag.DagBag","filename":"dagbag.py","lineno":593}
{"timestamp":"2025-10-10T02:59:12.850746Z","level":"info","event":"Filling up the DagBag from /opt/airflow/dags/assignment.py","logger":"airflow.models.dagbag.DagBag","filename":"dagbag.py","lineno":593}
{"timestamp":"2025-10-10T02:59:43.184741Z","level":"info","event":"Filling up the DagBag from /opt/airflow/dags/assignment.py","logger":"airflow.models.dagbag.DagBag","filename":"dagbag.py","lineno":593}
{"timestamp":"2025-10-10T03:00:13.522382Z","level":"info","event":"Filling up the DagBag from /opt/airflow/dags/assignment.py","logger":"airflow.models.dagbag.DagBag","filename":"dagbag.py","lineno":593}
{"timestamp":"2025-10-10T03:00:43.917813Z","level":"info","event":"Filling up the DagBag from /opt/airflow/dags/assignment.py","logger":"airflow.models.dagbag.DagBag","filename":"dagbag.py","lineno":593}
{"timestamp":"2025-10-10T03:01:14.269853Z","level":"info","event":"Filling up the DagBag from /opt/airflow/dags/assignment.py","logger":"airflow.models.dagbag.DagBag","filename":"dagbag.py","lineno":593}
{"timestamp":"2025-10-10T03:01:44.600221Z","level":"info","event":"Filling up the DagBag from /opt/airflow/dags/assignment.py","logger":"airflow.models.dagbag.DagBag","filename":"dagbag.py","lineno":593}
{"timestamp":"2025-10-10T03:02:14.923987Z","level":"info","event":"Filling up the DagBag from /opt/airflow/dags/assignment.py","logger":"airflow.models.dagbag.DagBag","filename":"dagbag.py","lineno":593}
{"timestamp":"2025-10-10T03:02:45.232921Z","level":"info","event":"Filling up the DagBag from /opt/airflow/dags/assignment.py","logger":"airflow.models.dagbag.DagBag","filename":"dagbag.py","lineno":593}
{"timestamp":"2025-10-10T03:03:15.549183Z","level":"info","event":"Filling up the DagBag from /opt/airflow/dags/assignment.py","logger":"airflow.models.dagbag.DagBag","filename":"dagbag.py","lineno":593}
{"timestamp":"2025-10-10T03:03:45.833521Z","level":"info","event":"Filling up the DagBag from /opt/airflow/dags/assignment.py","logger":"airflow.models.dagbag.DagBag","filename":"dagbag.py","lineno":593}
{"timestamp":"2025-10-10T03:04:16.190269Z","level":"info","event":"Filling up the DagBag from /opt/airflow/dags/assignment.py","logger":"airflow.models.dagbag.DagBag","filename":"dagbag.py","lineno":593}
{"timestamp":"2025-10-10T03:04:46.508514Z","level":"info","event":"Filling up the DagBag from /opt/airflow/dags/assignment.py","logger":"airflow.models.dagbag.DagBag","filename":"dagbag.py","lineno":593}
{"timestamp":"2025-10-10T03:05:16.890344Z","level":"info","event":"Filling up the DagBag from /opt/airflow/dags/assignment.py","logger":"airflow.models.dagbag.DagBag","filename":"dagbag.py","lineno":593}
{"timestamp":"2025-10-10T03:05:47.306045Z","level":"info","event":"Filling up the DagBag from /opt/airflow/dags/assignment.py","logger":"airflow.models.dagbag.DagBag","filename":"dagbag.py","lineno":593}
{"timestamp":"2025-10-10T03:06:17.643689Z","level":"info","event":"Filling up the DagBag from /opt/airflow/dags/assignment.py","logger":"airflow.models.dagbag.DagBag","filename":"dagbag.py","lineno":593}
{"timestamp":"2025-10-10T03:06:47.966991Z","level":"info","event":"Filling up the DagBag from /opt/airflow/dags/assignment.py","logger":"airflow.models.dagbag.DagBag","filename":"dagbag.py","lineno":593}
{"timestamp":"2025-10-10T03:07:18.328677Z","level":"info","event":"Filling up the DagBag from /opt/airflow/dags/assignment.py","logger":"airflow.models.dagbag.DagBag","filename":"dagbag.py","lineno":593}
{"timestamp":"2025-10-10T03:07:48.687242Z","level":"info","event":"Filling up the DagBag from /opt/airflow/dags/assignment.py","logger":"airflow.models.dagbag.DagBag","filename":"dagbag.py","lineno":593}
{"timestamp":"2025-10-10T03:08:19.021907Z","level":"info","event":"Filling up the DagBag from /opt/airflow/dags/assignment.py","logger":"airflow.models.dagbag.DagBag","filename":"dagbag.py","lineno":593}
{"timestamp":"2025-10-10T03:08:49.358678Z","level":"info","event":"Filling up the DagBag from /opt/airflow/dags/assignment.py","logger":"airflow.models.dagbag.DagBag","filename":"dagbag.py","lineno":593}
{"timestamp":"2025-10-10T03:09:30.381811Z","level":"info","event":"Filling up the DagBag from /opt/airflow/dags/assignment.py","logger":"airflow.models.dagbag.DagBag","filename":"dagbag.py","lineno":593}
{"timestamp":"2025-10-10T03:10:01.389322Z","level":"info","event":"Filling up the DagBag from /opt/airflow/dags/assignment.py","logger":"airflow.models.dagbag.DagBag","filename":"dagbag.py","lineno":593}
{"timestamp":"2025-10-10T03:10:31.750293Z","level":"info","event":"Filling up the DagBag from /opt/airflow/dags/assignment.py","logger":"airflow.models.dagbag.DagBag","filename":"dagbag.py","lineno":593}
{"timestamp":"2025-10-10T03:11:02.116380Z","level":"info","event":"Filling up the DagBag from /opt/airflow/dags/assignment.py","logger":"airflow.models.dagbag.DagBag","filename":"dagbag.py","lineno":593}
{"timestamp":"2025-10-10T03:11:32.461149Z","level":"info","event":"Filling up the DagBag from /opt/airflow/dags/assignment.py","logger":"airflow.models.dagbag.DagBag","filename":"dagbag.py","lineno":593}
{"timestamp":"2025-10-10T03:12:02.920951Z","level":"info","event":"Filling up the DagBag from /opt/airflow/dags/assignment.py","logger":"airflow.models.dagbag.DagBag","filename":"dagbag.py","lineno":593}
{"timestamp":"2025-10-10T03:12:33.313078Z","level":"info","event":"Filling up the DagBag from /opt/airflow/dags/assignment.py","logger":"airflow.models.dagbag.DagBag","filename":"dagbag.py","lineno":593}
{"timestamp":"2025-10-10T03:13:03.691290Z","level":"info","event":"Filling up the DagBag from /opt/airflow/dags/assignment.py","logger":"airflow.models.dagbag.DagBag","filename":"dagbag.py","lineno":593}
{"timestamp":"2025-10-10T03:13:34.140972Z","level":"info","event":"Filling up the DagBag from /opt/airflow/dags/assignment.py","logger":"airflow.models.dagbag.DagBag","filename":"dagbag.py","lineno":593}
{"timestamp":"2025-10-10T03:14:04.517355Z","level":"info","event":"Filling up the DagBag from /opt/airflow/dags/assignment.py","logger":"airflow.models.dagbag.DagBag","filename":"dagbag.py","lineno":593}
{"timestamp":"2025-10-10T03:14:34.883971Z","level":"info","event":"Filling up the DagBag from /opt/airflow/dags/assignment.py","logger":"airflow.models.dagbag.DagBag","filename":"dagbag.py","lineno":593}
{"timestamp":"2025-10-10T03:15:05.245913Z","level":"info","event":"Filling up the DagBag from /opt/airflow/dags/assignment.py","logger":"airflow.models.dagbag.DagBag","filename":"dagbag.py","lineno":593}
{"timestamp":"2025-10-10T03:15:35.585234Z","level":"info","event":"Filling up the DagBag from /opt/airflow/dags/assignment.py","logger":"airflow.models.dagbag.DagBag","filename":"dagbag.py","lineno":593}
{"timestamp":"2025-10-10T03:16:05.889863Z","level":"info","event":"Filling up the DagBag from /opt/airflow/dags/assignment.py","logger":"airflow.models.dagbag.DagBag","filename":"dagbag.py","lineno":593}
{"timestamp":"2025-10-10T03:16:36.245777Z","level":"info","event":"Filling up the DagBag from /opt/airflow/dags/assignment.py","logger":"airflow.models.dagbag.DagBag","filename":"dagbag.py","lineno":593}
{"timestamp":"2025-10-10T03:17:06.562881Z","level":"info","event":"Filling up the DagBag from /opt/airflow/dags/assignment.py","logger":"airflow.models.dagbag.DagBag","filename":"dagbag.py","lineno":593}
{"timestamp":"2025-10-10T03:17:36.933386Z","level":"info","event":"Filling up the DagBag from /opt/airflow/dags/assignment.py","logger":"airflow.models.dagbag.DagBag","filename":"dagbag.py","lineno":593}
{"timestamp":"2025-10-10T03:18:07.281187Z","level":"info","event":"Filling up the DagBag from /opt/airflow/dags/assignment.py","logger":"airflow.models.dagbag.DagBag","filename":"dagbag.py","lineno":593}
{"timestamp":"2025-10-10T03:18:37.606683Z","level":"info","event":"Filling up the DagBag from /opt/airflow/dags/assignment.py","logger":"airflow.models.dagbag.DagBag","filename":"dagbag.py","lineno":593}
{"timestamp":"2025-10-10T03:19:07.996302Z","level":"info","event":"Filling up the DagBag from /opt/airflow/dags/assignment.py","logger":"airflow.models.dagbag.DagBag","filename":"dagbag.py","lineno":593}
{"timestamp":"2025-10-10T03:19:38.335355Z","level":"info","event":"Filling up the DagBag from /opt/airflow/dags/assignment.py","logger":"airflow.models.dagbag.DagBag","filename":"dagbag.py","lineno":593}
{"timestamp":"2025-10-10T03:20:08.683654Z","level":"info","event":"Filling up the DagBag from /opt/airflow/dags/assignment.py","logger":"airflow.models.dagbag.DagBag","filename":"dagbag.py","lineno":593}
{"timestamp":"2025-10-10T03:20:39.063652Z","level":"info","event":"Filling up the DagBag from /opt/airflow/dags/assignment.py","logger":"airflow.models.dagbag.DagBag","filename":"dagbag.py","lineno":593}
{"timestamp":"2025-10-10T03:21:09.425842Z","level":"info","event":"Filling up the DagBag from /opt/airflow/dags/assignment.py","logger":"airflow.models.dagbag.DagBag","filename":"dagbag.py","lineno":593}
{"timestamp":"2025-10-10T03:21:39.765623Z","level":"info","event":"Filling up the DagBag from /opt/airflow/dags/assignment.py","logger":"airflow.models.dagbag.DagBag","filename":"dagbag.py","lineno":593}
{"timestamp":"2025-10-10T03:22:10.131430Z","level":"info","event":"Filling up the DagBag from /opt/airflow/dags/assignment.py","logger":"airflow.models.dagbag.DagBag","filename":"dagbag.py","lineno":593}
{"timestamp":"2025-10-10T03:22:40.515805Z","level":"info","event":"Filling up the DagBag from /opt/airflow/dags/assignment.py","logger":"airflow.models.dagbag.DagBag","filename":"dagbag.py","lineno":593}
{"timestamp":"2025-10-10T03:23:10.830041Z","level":"info","event":"Filling up the DagBag from /opt/airflow/dags/assignment.py","logger":"airflow.models.dagbag.DagBag","filename":"dagbag.py","lineno":593}
{"timestamp":"2025-10-10T03:23:41.255199Z","level":"info","event":"Filling up the DagBag from /opt/airflow/dags/assignment.py","logger":"airflow.models.dagbag.DagBag","filename":"dagbag.py","lineno":593}
{"timestamp":"2025-10-10T03:24:11.654807Z","level":"info","event":"Filling up the DagBag from /opt/airflow/dags/assignment.py","logger":"airflow.models.dagbag.DagBag","filename":"dagbag.py","lineno":593}
{"timestamp":"2025-10-10T03:24:42.063645Z","level":"info","event":"Filling up the DagBag from /opt/airflow/dags/assignment.py","logger":"airflow.models.dagbag.DagBag","filename":"dagbag.py","lineno":593}
{"timestamp":"2025-10-10T03:25:12.415761Z","level":"info","event":"Filling up the DagBag from /opt/airflow/dags/assignment.py","logger":"airflow.models.dagbag.DagBag","filename":"dagbag.py","lineno":593}
{"timestamp":"2025-10-10T03:25:42.796844Z","level":"info","event":"Filling up the DagBag from /opt/airflow/dags/assignment.py","logger":"airflow.models.dagbag.DagBag","filename":"dagbag.py","lineno":593}
{"timestamp":"2025-10-10T03:26:13.261241Z","level":"info","event":"Filling up the DagBag from /opt/airflow/dags/assignment.py","logger":"airflow.models.dagbag.DagBag","filename":"dagbag.py","lineno":593}
{"timestamp":"2025-10-10T03:26:43.593698Z","level":"info","event":"Filling up the DagBag from /opt/airflow/dags/assignment.py","logger":"airflow.models.dagbag.DagBag","filename":"dagbag.py","lineno":593}
{"timestamp":"2025-10-10T03:27:13.929252Z","level":"info","event":"Filling up the DagBag from /opt/airflow/dags/assignment.py","logger":"airflow.models.dagbag.DagBag","filename":"dagbag.py","lineno":593}
{"timestamp":"2025-10-10T03:27:44.386849Z","level":"info","event":"Filling up the DagBag from /opt/airflow/dags/assignment.py","logger":"airflow.models.dagbag.DagBag","filename":"dagbag.py","lineno":593}
{"timestamp":"2025-10-10T03:28:14.793292Z","level":"info","event":"Filling up the DagBag from /opt/airflow/dags/assignment.py","logger":"airflow.models.dagbag.DagBag","filename":"dagbag.py","lineno":593}
{"timestamp":"2025-10-10T03:28:45.205693Z","level":"info","event":"Filling up the DagBag from /opt/airflow/dags/assignment.py","logger":"airflow.models.dagbag.DagBag","filename":"dagbag.py","lineno":593}
{"timestamp":"2025-10-10T03:29:15.608785Z","level":"info","event":"Filling up the DagBag from /opt/airflow/dags/assignment.py","logger":"airflow.models.dagbag.DagBag","filename":"dagbag.py","lineno":593}
{"timestamp":"2025-10-10T03:29:45.964186Z","level":"info","event":"Filling up the DagBag from /opt/airflow/dags/assignment.py","logger":"airflow.models.dagbag.DagBag","filename":"dagbag.py","lineno":593}
{"timestamp":"2025-10-10T03:30:16.327416Z","level":"info","event":"Filling up the DagBag from /opt/airflow/dags/assignment.py","logger":"airflow.models.dagbag.DagBag","filename":"dagbag.py","lineno":593}
{"timestamp":"2025-10-10T03:30:46.752712Z","level":"info","event":"Filling up the DagBag from /opt/airflow/dags/assignment.py","logger":"airflow.models.dagbag.DagBag","filename":"dagbag.py","lineno":593}
{"timestamp":"2025-10-10T03:31:17.181175Z","level":"info","event":"Filling up the DagBag from /opt/airflow/dags/assignment.py","logger":"airflow.models.dagbag.DagBag","filename":"dagbag.py","lineno":593}
{"timestamp":"2025-10-10T03:31:47.566506Z","level":"info","event":"Filling up the DagBag from /opt/airflow/dags/assignment.py","logger":"airflow.models.dagbag.DagBag","filename":"dagbag.py","lineno":593}
{"timestamp":"2025-10-10T03:32:17.916513Z","level":"info","event":"Filling up the DagBag from /opt/airflow/dags/assignment.py","logger":"airflow.models.dagbag.DagBag","filename":"dagbag.py","lineno":593}
{"timestamp":"2025-10-10T03:32:48.244576Z","level":"info","event":"Filling up the DagBag from /opt/airflow/dags/assignment.py","logger":"airflow.models.dagbag.DagBag","filename":"dagbag.py","lineno":593}
{"timestamp":"2025-10-10T03:33:18.662047Z","level":"info","event":"Filling up the DagBag from /opt/airflow/dags/assignment.py","logger":"airflow.models.dagbag.DagBag","filename":"dagbag.py","lineno":593}
{"timestamp":"2025-10-10T03:33:49.023675Z","level":"info","event":"Filling up the DagBag from /opt/airflow/dags/assignment.py","logger":"airflow.models.dagbag.DagBag","filename":"dagbag.py","lineno":593}
{"timestamp":"2025-10-10T03:34:19.382090Z","level":"info","event":"Filling up the DagBag from /opt/airflow/dags/assignment.py","logger":"airflow.models.dagbag.DagBag","filename":"dagbag.py","lineno":593}
{"timestamp":"2025-10-10T03:34:49.744839Z","level":"info","event":"Filling up the DagBag from /opt/airflow/dags/assignment.py","logger":"airflow.models.dagbag.DagBag","filename":"dagbag.py","lineno":593}
{"timestamp":"2025-10-10T03:35:20.131180Z","level":"info","event":"Filling up the DagBag from /opt/airflow/dags/assignment.py","logger":"airflow.models.dagbag.DagBag","filename":"dagbag.py","lineno":593}
{"timestamp":"2025-10-10T03:35:50.492272Z","level":"info","event":"Filling up the DagBag from /opt/airflow/dags/assignment.py","logger":"airflow.models.dagbag.DagBag","filename":"dagbag.py","lineno":593}
{"timestamp":"2025-10-10T03:36:20.907902Z","level":"info","event":"Filling up the DagBag from /opt/airflow/dags/assignment.py","logger":"airflow.models.dagbag.DagBag","filename":"dagbag.py","lineno":593}
{"timestamp":"2025-10-10T03:38:42.380731Z","level":"info","event":"Filling up the DagBag from /opt/airflow/dags/assignment.py","logger":"airflow.models.dagbag.DagBag","filename":"dagbag.py","lineno":593}
{"timestamp":"2025-10-10T03:39:14.276173Z","level":"info","event":"Filling up the DagBag from /opt/airflow/dags/assignment.py","logger":"airflow.models.dagbag.DagBag","filename":"dagbag.py","lineno":593}
{"timestamp":"2025-10-10T03:39:44.581819Z","level":"info","event":"Filling up the DagBag from /opt/airflow/dags/assignment.py","logger":"airflow.models.dagbag.DagBag","filename":"dagbag.py","lineno":593}
{"timestamp":"2025-10-10T03:40:14.921791Z","level":"info","event":"Filling up the DagBag from /opt/airflow/dags/assignment.py","logger":"airflow.models.dagbag.DagBag","filename":"dagbag.py","lineno":593}
{"timestamp":"2025-10-10T03:40:45.288462Z","level":"info","event":"Filling up the DagBag from /opt/airflow/dags/assignment.py","logger":"airflow.models.dagbag.DagBag","filename":"dagbag.py","lineno":593}
{"timestamp":"2025-10-10T03:41:15.625152Z","level":"info","event":"Filling up the DagBag from /opt/airflow/dags/assignment.py","logger":"airflow.models.dagbag.DagBag","filename":"dagbag.py","lineno":593}
{"timestamp":"2025-10-10T03:41:46.052336Z","level":"info","event":"Filling up the DagBag from /opt/airflow/dags/assignment.py","logger":"airflow.models.dagbag.DagBag","filename":"dagbag.py","lineno":593}
{"timestamp":"2025-10-10T03:42:16.432927Z","level":"info","event":"Filling up the DagBag from /opt/airflow/dags/assignment.py","logger":"airflow.models.dagbag.DagBag","filename":"dagbag.py","lineno":593}
{"timestamp":"2025-10-10T03:42:46.796053Z","level":"info","event":"Filling up the DagBag from /opt/airflow/dags/assignment.py","logger":"airflow.models.dagbag.DagBag","filename":"dagbag.py","lineno":593}
{"timestamp":"2025-10-10T03:43:17.173178Z","level":"info","event":"Filling up the DagBag from /opt/airflow/dags/assignment.py","logger":"airflow.models.dagbag.DagBag","filename":"dagbag.py","lineno":593}
{"timestamp":"2025-10-10T03:43:47.504803Z","level":"info","event":"Filling up the DagBag from /opt/airflow/dags/assignment.py","logger":"airflow.models.dagbag.DagBag","filename":"dagbag.py","lineno":593}
{"timestamp":"2025-10-10T03:44:17.862615Z","level":"info","event":"Filling up the DagBag from /opt/airflow/dags/assignment.py","logger":"airflow.models.dagbag.DagBag","filename":"dagbag.py","lineno":593}
{"timestamp":"2025-10-10T03:44:48.221543Z","level":"info","event":"Filling up the DagBag from /opt/airflow/dags/assignment.py","logger":"airflow.models.dagbag.DagBag","filename":"dagbag.py","lineno":593}
{"timestamp":"2025-10-10T03:45:18.586752Z","level":"info","event":"Filling up the DagBag from /opt/airflow/dags/assignment.py","logger":"airflow.models.dagbag.DagBag","filename":"dagbag.py","lineno":593}
{"timestamp":"2025-10-10T03:45:49.057328Z","level":"info","event":"Filling up the DagBag from /opt/airflow/dags/assignment.py","logger":"airflow.models.dagbag.DagBag","filename":"dagbag.py","lineno":593}
{"timestamp":"2025-10-10T03:46:19.401449Z","level":"info","event":"Filling up the DagBag from /opt/airflow/dags/assignment.py","logger":"airflow.models.dagbag.DagBag","filename":"dagbag.py","lineno":593}
{"timestamp":"2025-10-10T03:46:49.755986Z","level":"info","event":"Filling up the DagBag from /opt/airflow/dags/assignment.py","logger":"airflow.models.dagbag.DagBag","filename":"dagbag.py","lineno":593}
{"timestamp":"2025-10-10T03:47:20.121293Z","level":"info","event":"Filling up the DagBag from /opt/airflow/dags/assignment.py","logger":"airflow.models.dagbag.DagBag","filename":"dagbag.py","lineno":593}
{"timestamp":"2025-10-10T03:47:50.506494Z","level":"info","event":"Filling up the DagBag from /opt/airflow/dags/assignment.py","logger":"airflow.models.dagbag.DagBag","filename":"dagbag.py","lineno":593}
{"timestamp":"2025-10-10T03:48:21.029415Z","level":"info","event":"Filling up the DagBag from /opt/airflow/dags/assignment.py","logger":"airflow.models.dagbag.DagBag","filename":"dagbag.py","lineno":593}
{"timestamp":"2025-10-10T03:48:51.426177Z","level":"info","event":"Filling up the DagBag from /opt/airflow/dags/assignment.py","logger":"airflow.models.dagbag.DagBag","filename":"dagbag.py","lineno":593}
{"timestamp":"2025-10-10T03:49:21.807255Z","level":"info","event":"Filling up the DagBag from /opt/airflow/dags/assignment.py","logger":"airflow.models.dagbag.DagBag","filename":"dagbag.py","lineno":593}
{"timestamp":"2025-10-10T03:49:52.248486Z","level":"info","event":"Filling up the DagBag from /opt/airflow/dags/assignment.py","logger":"airflow.models.dagbag.DagBag","filename":"dagbag.py","lineno":593}
{"timestamp":"2025-10-10T03:50:22.720817Z","level":"info","event":"Filling up the DagBag from /opt/airflow/dags/assignment.py","logger":"airflow.models.dagbag.DagBag","filename":"dagbag.py","lineno":593}
{"timestamp":"2025-10-10T03:50:53.116961Z","level":"info","event":"Filling up the DagBag from /opt/airflow/dags/assignment.py","logger":"airflow.models.dagbag.DagBag","filename":"dagbag.py","lineno":593}
{"timestamp":"2025-10-10T03:51:23.496735Z","level":"info","event":"Filling up the DagBag from /opt/airflow/dags/assignment.py","logger":"airflow.models.dagbag.DagBag","filename":"dagbag.py","lineno":593}
{"timestamp":"2025-10-10T03:51:53.844849Z","level":"info","event":"Filling up the DagBag from /opt/airflow/dags/assignment.py","logger":"airflow.models.dagbag.DagBag","filename":"dagbag.py","lineno":593}
{"timestamp":"2025-10-10T03:52:24.265562Z","level":"info","event":"Filling up the DagBag from /opt/airflow/dags/assignment.py","logger":"airflow.models.dagbag.DagBag","filename":"dagbag.py","lineno":593}
{"timestamp":"2025-10-10T03:52:54.632746Z","level":"info","event":"Filling up the DagBag from /opt/airflow/dags/assignment.py","logger":"airflow.models.dagbag.DagBag","filename":"dagbag.py","lineno":593}
{"timestamp":"2025-10-10T03:53:24.970285Z","level":"info","event":"Filling up the DagBag from /opt/airflow/dags/assignment.py","logger":"airflow.models.dagbag.DagBag","filename":"dagbag.py","lineno":593}
{"timestamp":"2025-10-10T03:53:55.360063Z","level":"info","event":"Filling up the DagBag from /opt/airflow/dags/assignment.py","logger":"airflow.models.dagbag.DagBag","filename":"dagbag.py","lineno":593}
{"timestamp":"2025-10-10T03:54:25.674855Z","level":"info","event":"Filling up the DagBag from /opt/airflow/dags/assignment.py","logger":"airflow.models.dagbag.DagBag","filename":"dagbag.py","lineno":593}
{"timestamp":"2025-10-10T03:54:56.056018Z","level":"info","event":"Filling up the DagBag from /opt/airflow/dags/assignment.py","logger":"airflow.models.dagbag.DagBag","filename":"dagbag.py","lineno":593}
{"timestamp":"2025-10-10T03:55:26.392405Z","level":"info","event":"Filling up the DagBag from /opt/airflow/dags/assignment.py","logger":"airflow.models.dagbag.DagBag","filename":"dagbag.py","lineno":593}
{"timestamp":"2025-10-10T03:55:56.810463Z","level":"info","event":"Filling up the DagBag from /opt/airflow/dags/assignment.py","logger":"airflow.models.dagbag.DagBag","filename":"dagbag.py","lineno":593}
{"timestamp":"2025-10-10T03:56:27.277813Z","level":"info","event":"Filling up the DagBag from /opt/airflow/dags/assignment.py","logger":"airflow.models.dagbag.DagBag","filename":"dagbag.py","lineno":593}
{"timestamp":"2025-10-10T03:56:57.748257Z","level":"info","event":"Filling up the DagBag from /opt/airflow/dags/assignment.py","logger":"airflow.models.dagbag.DagBag","filename":"dagbag.py","lineno":593}
{"timestamp":"2025-10-10T03:57:28.180455Z","level":"info","event":"Filling up the DagBag from /opt/airflow/dags/assignment.py","logger":"airflow.models.dagbag.DagBag","filename":"dagbag.py","lineno":593}
{"timestamp":"2025-10-10T03:57:58.543547Z","level":"info","event":"Filling up the DagBag from /opt/airflow/dags/assignment.py","logger":"airflow.models.dagbag.DagBag","filename":"dagbag.py","lineno":593}
{"timestamp":"2025-10-10T03:58:28.957504Z","level":"info","event":"Filling up the DagBag from /opt/airflow/dags/assignment.py","logger":"airflow.models.dagbag.DagBag","filename":"dagbag.py","lineno":593}
{"timestamp":"2025-10-10T03:58:59.287236Z","level":"info","event":"Filling up the DagBag from /opt/airflow/dags/assignment.py","logger":"airflow.models.dagbag.DagBag","filename":"dagbag.py","lineno":593}
{"timestamp":"2025-10-10T03:59:29.609029Z","level":"info","event":"Filling up the DagBag from /opt/airflow/dags/assignment.py","logger":"airflow.models.dagbag.DagBag","filename":"dagbag.py","lineno":593}
{"timestamp":"2025-10-10T03:59:59.932180Z","level":"info","event":"Filling up the DagBag from /opt/airflow/dags/assignment.py","logger":"airflow.models.dagbag.DagBag","filename":"dagbag.py","lineno":593}
{"timestamp":"2025-10-10T04:00:30.276455Z","level":"info","event":"Filling up the DagBag from /opt/airflow/dags/assignment.py","logger":"airflow.models.dagbag.DagBag","filename":"dagbag.py","lineno":593}
{"timestamp":"2025-10-10T04:01:00.623140Z","level":"info","event":"Filling up the DagBag from /opt/airflow/dags/assignment.py","logger":"airflow.models.dagbag.DagBag","filename":"dagbag.py","lineno":593}
{"timestamp":"2025-10-10T04:01:31.016764Z","level":"info","event":"Filling up the DagBag from /opt/airflow/dags/assignment.py","logger":"airflow.models.dagbag.DagBag","filename":"dagbag.py","lineno":593}
{"timestamp":"2025-10-10T04:02:01.414214Z","level":"info","event":"Filling up the DagBag from /opt/airflow/dags/assignment.py","logger":"airflow.models.dagbag.DagBag","filename":"dagbag.py","lineno":593}
{"timestamp":"2025-10-10T04:02:31.717571Z","level":"info","event":"Filling up the DagBag from /opt/airflow/dags/assignment.py","logger":"airflow.models.dagbag.DagBag","filename":"dagbag.py","lineno":593}
{"timestamp":"2025-10-10T04:03:02.039584Z","level":"info","event":"Filling up the DagBag from /opt/airflow/dags/assignment.py","logger":"airflow.models.dagbag.DagBag","filename":"dagbag.py","lineno":593}
{"timestamp":"2025-10-10T04:03:32.307042Z","level":"info","event":"Filling up the DagBag from /opt/airflow/dags/assignment.py","logger":"airflow.models.dagbag.DagBag","filename":"dagbag.py","lineno":593}
{"timestamp":"2025-10-10T04:04:02.638894Z","level":"info","event":"Filling up the DagBag from /opt/airflow/dags/assignment.py","logger":"airflow.models.dagbag.DagBag","filename":"dagbag.py","lineno":593}
{"timestamp":"2025-10-10T04:04:33.038456Z","level":"info","event":"Filling up the DagBag from /opt/airflow/dags/assignment.py","logger":"airflow.models.dagbag.DagBag","filename":"dagbag.py","lineno":593}
{"timestamp":"2025-10-10T04:05:03.411870Z","level":"info","event":"Filling up the DagBag from /opt/airflow/dags/assignment.py","logger":"airflow.models.dagbag.DagBag","filename":"dagbag.py","lineno":593}
{"timestamp":"2025-10-10T04:05:33.782848Z","level":"info","event":"Filling up the DagBag from /opt/airflow/dags/assignment.py","logger":"airflow.models.dagbag.DagBag","filename":"dagbag.py","lineno":593}
{"timestamp":"2025-10-10T04:06:04.114554Z","level":"info","event":"Filling up the DagBag from /opt/airflow/dags/assignment.py","logger":"airflow.models.dagbag.DagBag","filename":"dagbag.py","lineno":593}
{"timestamp":"2025-10-10T04:06:34.516323Z","level":"info","event":"Filling up the DagBag from /opt/airflow/dags/assignment.py","logger":"airflow.models.dagbag.DagBag","filename":"dagbag.py","lineno":593}
{"timestamp":"2025-10-10T04:07:04.926539Z","level":"info","event":"Filling up the DagBag from /opt/airflow/dags/assignment.py","logger":"airflow.models.dagbag.DagBag","filename":"dagbag.py","lineno":593}
{"timestamp":"2025-10-10T04:07:35.307361Z","level":"info","event":"Filling up the DagBag from /opt/airflow/dags/assignment.py","logger":"airflow.models.dagbag.DagBag","filename":"dagbag.py","lineno":593}
{"timestamp":"2025-10-10T04:08:05.774513Z","level":"info","event":"Filling up the DagBag from /opt/airflow/dags/assignment.py","logger":"airflow.models.dagbag.DagBag","filename":"dagbag.py","lineno":593}
{"timestamp":"2025-10-10T04:08:36.156764Z","level":"info","event":"Filling up the DagBag from /opt/airflow/dags/assignment.py","logger":"airflow.models.dagbag.DagBag","filename":"dagbag.py","lineno":593}
{"timestamp":"2025-10-10T04:09:06.547410Z","level":"info","event":"Filling up the DagBag from /opt/airflow/dags/assignment.py","logger":"airflow.models.dagbag.DagBag","filename":"dagbag.py","lineno":593}
{"timestamp":"2025-10-10T04:09:36.947652Z","level":"info","event":"Filling up the DagBag from /opt/airflow/dags/assignment.py","logger":"airflow.models.dagbag.DagBag","filename":"dagbag.py","lineno":593}
{"timestamp":"2025-10-10T04:10:07.365204Z","level":"info","event":"Filling up the DagBag from /opt/airflow/dags/assignment.py","logger":"airflow.models.dagbag.DagBag","filename":"dagbag.py","lineno":593}
{"timestamp":"2025-10-10T04:10:37.824631Z","level":"info","event":"Filling up the DagBag from /opt/airflow/dags/assignment.py","logger":"airflow.models.dagbag.DagBag","filename":"dagbag.py","lineno":593}
{"timestamp":"2025-10-10T04:11:08.211170Z","level":"info","event":"Filling up the DagBag from /opt/airflow/dags/assignment.py","logger":"airflow.models.dagbag.DagBag","filename":"dagbag.py","lineno":593}
{"timestamp":"2025-10-10T04:11:38.584425Z","level":"info","event":"Filling up the DagBag from /opt/airflow/dags/assignment.py","logger":"airflow.models.dagbag.DagBag","filename":"dagbag.py","lineno":593}
